[Fri May 20 15:08:05.320733 2022] [ssl:warn] [pid 27164:tid 200] AH01909: www.example.com:443:0 server certificate does NOT include an ID which matches the server name
[Fri May 20 15:08:05.426449 2022] [ssl:warn] [pid 27164:tid 200] AH01909: www.example.com:443:0 server certificate does NOT include an ID which matches the server name
PHP Warning:  PHP Startup: Unable to load dynamic library 'sodium' (tried: C:\\www\\moodle\\server\\php\\ext\\sodium (The specified module could not be found.), C:\\www\\moodle\\server\\php\\ext\\php_sodium.dll (The specified module could not be found.)) in Unknown on line 0
[Fri May 20 15:08:06.258771 2022] [mpm_winnt:notice] [pid 27164:tid 200] AH00455: Apache/2.4.53 (Win64) OpenSSL/1.1.1n PHP/7.4.28 configured -- resuming normal operations
[Fri May 20 15:08:06.259770 2022] [mpm_winnt:notice] [pid 27164:tid 200] AH00456: Apache Lounge VC15 Server built: Mar 16 2022 15:48:38
[Fri May 20 15:08:06.259770 2022] [core:notice] [pid 27164:tid 200] AH00094: Command line: 'apache\\bin\\httpd.exe -d C:/www/moodle/server/apache -f conf\\httpd.conf'
[Fri May 20 15:08:06.275726 2022] [mpm_winnt:notice] [pid 27164:tid 200] AH00418: Parent: Created child process 18932
Apache server shutdown initiated...
sl:warn] [pid 18932:tid 456] AH01909: www.example.com:443:0 server certificate does NOT include an ID which matches the server name
[Fri May 20 15:08:07.854973 2022] [ssl:warn] [pid 18932:tid 456] AH01909: www.example.com:443:0 server certificate does NOT include an ID which matches the server name
PHP Warning:  PHP Startup: Unable to load dynamic library 'sodium' (tried: C:\\www\\moodle\\server\\php\\ext\\sodium (The specified module could not be found.), C:\\www\\moodle\\server\\php\\ext\\php_sodium.dll (The specified module could not be found.)) in Unknown on line 0
[Fri May 20 15:08:07.937754 2022] [mpm_winnt:notice] [pid 18932:tid 456] AH00354: Child: Starting 150 worker threads.
[Sat May 21 11:45:58.425393 2022] [mpm_winnt:notice] [pid 27164:tid 200] AH00422: Parent: Received shutdown signal -- Shutting down the server.
[Sat May 21 11:46:00.446219 2022] [mpm_winnt:notice] [pid 18932:tid 456] AH00364: Child: All worker threads have exited.
[Sat May 21 11:46:00.810603 2022] [mpm_winnt:notice] [pid 27164:tid 200] AH00430: Parent: Child process 18932 exited successfully.
[Sat May 21 11:46:48.364915 2022] [ssl:warn] [pid 30112:tid 424] AH01909: www.example.com:443:0 server certificate does NOT include an ID which matches the server name
[Sat May 21 11:46:48.420916 2022] [ssl:warn] [pid 30112:tid 424] AH01909: www.example.com:443:0 server certificate does NOT include an ID which matches the server name
PHP Warning:  PHP Startup: Unable to load dynamic library 'sodium' (tried: C:\\www\\moodle\\server\\php\\ext\\sodium (The specified module could not be found.), C:\\www\\moodle\\server\\php\\ext\\php_sodium.dll (The specified module could not be found.)) in Unknown on line 0
[Sat May 21 11:46:48.498743 2022] [mpm_winnt:notice] [pid 30112:tid 424] AH00455: Apache/2.4.53 (Win64) OpenSSL/1.1.1n PHP/7.4.28 configured -- resuming normal operations
[Sat May 21 11:46:48.498743 2022] [mpm_winnt:notice] [pid 30112:tid 424] AH00456: Apache Lounge VC15 Server built: Mar 16 2022 15:48:38
[Sat May 21 11:46:48.498743 2022] [core:notice] [pid 30112:tid 424] AH00094: Command line: 'apache\\bin\\httpd.exe -d C:/www/moodle/server/apache -f conf\\httpd.conf'
[Sat May 21 11:46:48.506744 2022] [mpm_winnt:notice] [pid 30112:tid 424] AH00418: Parent: Created child process 14628
Apache server shutdown initiated...
sl:warn] [pid 14628:tid 424] AH01909: www.example.com:443:0 server certificate does NOT include an ID which matches the server name
[Sat May 21 11:46:49.143865 2022] [ssl:warn] [pid 14628:tid 424] AH01909: www.example.com:443:0 server certificate does NOT include an ID which matches the server name
PHP Warning:  PHP Startup: Unable to load dynamic library 'sodium' (tried: C:\\www\\moodle\\server\\php\\ext\\sodium (The specified module could not be found.), C:\\www\\moodle\\server\\php\\ext\\php_sodium.dll (The specified module could not be found.)) in Unknown on line 0
[Sat May 21 11:46:49.178367 2022] [mpm_winnt:notice] [pid 14628:tid 424] AH00354: Child: Starting 150 worker threads.
[Sat May 21 11:47:15.769898 2022] [mpm_winnt:notice] [pid 30112:tid 424] AH00422: Parent: Received shutdown signal -- Shutting down the server.
[Sat May 21 11:47:17.795213 2022] [mpm_winnt:notice] [pid 14628:tid 424] AH00364: Child: All worker threads have exited.
[Sat May 21 11:47:17.817085 2022] [mpm_winnt:notice] [pid 30112:tid 424] AH00430: Parent: Child process 14628 exited successfully.
[Sat May 21 12:48:00.859131 2022] [ssl:warn] [pid 18512:tid 408] AH01909: www.example.com:443:0 server certificate does NOT include an ID which matches the server name
[Sat May 21 12:48:00.901594 2022] [ssl:warn] [pid 18512:tid 408] AH01909: www.example.com:443:0 server certificate does NOT include an ID which matches the server name
PHP Warning:  PHP Startup: Unable to load dynamic library 'sodium' (tried: C:\\www\\moodle\\server\\php\\ext\\sodium (The specified module could not be found.), C:\\www\\moodle\\server\\php\\ext\\php_sodium.dll (The specified module could not be found.)) in Unknown on line 0
[Sat May 21 12:48:00.939716 2022] [mpm_winnt:notice] [pid 18512:tid 408] AH00455: Apache/2.4.53 (Win64) OpenSSL/1.1.1n PHP/7.4.28 configured -- resuming normal operations
[Sat May 21 12:48:00.939716 2022] [mpm_winnt:notice] [pid 18512:tid 408] AH00456: Apache Lounge VC15 Server built: Mar 16 2022 15:48:38
[Sat May 21 12:48:00.939716 2022] [core:notice] [pid 18512:tid 408] AH00094: Command line: 'apache\\bin\\httpd.exe -d C:/www/moodle/server/apache -f conf\\httpd.conf'
[Sat May 21 12:48:00.939716 2022] [mpm_winnt:notice] [pid 18512:tid 408] AH00418: Parent: Created child process 10620
Apache server shutdown initiated...
sl:warn] [pid 10620:tid 412] AH01909: www.example.com:443:0 server certificate does NOT include an ID which matches the server name
[Sat May 21 12:48:01.529344 2022] [ssl:warn] [pid 10620:tid 412] AH01909: www.example.com:443:0 server certificate does NOT include an ID which matches the server name
PHP Warning:  PHP Startup: Unable to load dynamic library 'sodium' (tried: C:\\www\\moodle\\server\\php\\ext\\sodium (The specified module could not be found.), C:\\www\\moodle\\server\\php\\ext\\php_sodium.dll (The specified module could not be found.)) in Unknown on line 0
[Sat May 21 12:48:01.569226 2022] [mpm_winnt:notice] [pid 10620:tid 412] AH00354: Child: Starting 150 worker threads.
[Sat May 21 13:37:21.451669 2022] [mpm_winnt:notice] [pid 18512:tid 408] AH00422: Parent: Received shutdown signal -- Shutting down the server.
[Sat May 21 13:37:23.465218 2022] [mpm_winnt:notice] [pid 10620:tid 412] AH00364: Child: All worker threads have exited.
[Sat May 21 13:37:23.571598 2022] [mpm_winnt:notice] [pid 18512:tid 408] AH00430: Parent: Child process 10620 exited successfully.
